<?xml version="1.0" encoding="UTF-8"?>
<testsuite xmlns:xsi="http://www.w3.org/2001/XMLSchema-instance" xsi:noNamespaceSchemaLocation="https://maven.apache.org/surefire/maven-surefire-plugin/xsd/surefire-test-report.xsd" version="3.0.2" name="com.acme.user.service.UserServiceTest" time="4.503" tests="18" errors="11" skipped="0" failures="0">
  <properties>
[...]
</properties>
  <testcase name="getUserById_ShouldReturnUser_WhenUserExists" classname="com.acme.user.service.UserServiceTest" time="3.38">
    <system-err><![CDATA[Mockito is currently self-attaching to enable the inline-mock-maker. This will no longer work in future releases of the JDK. Please add Mockito as an agent to your build what is described in Mockito's documentation: https://javadoc.io/doc/org.mockito/mockito-core/latest/org/mockito/Mockito.html#0.3
WARNING: A Java agent has been loaded dynamically (C:\Users\Júlio Paulo\.m2\repository\net\bytebuddy\byte-buddy-agent\1.15.10\byte-buddy-agent-1.15.10.jar)
WARNING: If a serviceability tool is in use, please run with -XX:+EnableDynamicAgentLoading to hide this warning
WARNING: If a serviceability tool is not in use, please run with -Djdk.instrument.traceUsage for more information
WARNING: Dynamic loading of agents will be disallowed by default in a future release
]]></system-err>
  </testcase>
  <testcase name="updateUser_ShouldUpdateUser_WhenAuthorized" classname="com.acme.user.service.UserServiceTest" time="0.034">
    <system-out><![CDATA[19:28:03.933 [main] INFO com.acme.user.service.UserService -- Usuário atualizado com sucesso: 06c19171-2bf0-48e4-b79b-c43093cc1f55
]]></system-out>
  </testcase>
  <testcase name="addCardToUser_ShouldThrowException_WhenUserNotFound" classname="com.acme.user.service.UserServiceTest" time="0.059">
    <error message="&#10;Unnecessary stubbings detected.&#10;Clean &amp; maintainable test code requires zero unnecessary code.&#10;Following stubbings are unnecessary (click to navigate to relevant line of code):&#10;  1. -&gt; at com.acme.user.service.UserServiceTest.setUp(UserServiceTest.java:52)&#10;Please remove unnecessary stubbings or use &apos;lenient&apos; strictness. More info: javadoc for UnnecessaryStubbingException class." type="org.mockito.exceptions.misusing.UnnecessaryStubbingException"><![CDATA[org.mockito.exceptions.misusing.UnnecessaryStubbingException: 

Unnecessary stubbings detected.
Clean & maintainable test code requires zero unnecessary code.
Following stubbings are unnecessary (click to navigate to relevant line of code):
  1. -> at com.acme.user.service.UserServiceTest.setUp(UserServiceTest.java:52)
Please remove unnecessary stubbings or use 'lenient' strictness. More info: javadoc for UnnecessaryStubbingException class.
	at org.mockito.junit.jupiter.MockitoExtension.afterEach(MockitoExtension.java:197)
	at java.base/java.util.ArrayList.forEach(ArrayList.java:1596)
	at java.base/java.util.ArrayList.forEach(ArrayList.java:1596)
]]></error>
  </testcase>
  <testcase name="createUser_ShouldCreateUser_WhenValidRequest" classname="com.acme.user.service.UserServiceTest" time="0.178">
    <system-out><![CDATA[19:28:04.192 [main] INFO com.acme.user.service.UserService -- Usuário criado com sucesso: joao@email.com (ID: 1d4100f0-094e-4b68-a316-b36b6f0e3191)
]]></system-out>
  </testcase>
  <testcase name="removeCardFromUser_ShouldRemoveCard_WhenUserExists" classname="com.acme.user.service.UserServiceTest" time="0.021">
    <error message="&#10;Unnecessary stubbings detected.&#10;Clean &amp; maintainable test code requires zero unnecessary code.&#10;Following stubbings are unnecessary (click to navigate to relevant line of code):&#10;  1. -&gt; at com.acme.user.service.UserServiceTest.setUp(UserServiceTest.java:52)&#10;Please remove unnecessary stubbings or use &apos;lenient&apos; strictness. More info: javadoc for UnnecessaryStubbingException class." type="org.mockito.exceptions.misusing.UnnecessaryStubbingException"><![CDATA[org.mockito.exceptions.misusing.UnnecessaryStubbingException: 

Unnecessary stubbings detected.
Clean & maintainable test code requires zero unnecessary code.
Following stubbings are unnecessary (click to navigate to relevant line of code):
  1. -> at com.acme.user.service.UserServiceTest.setUp(UserServiceTest.java:52)
Please remove unnecessary stubbings or use 'lenient' strictness. More info: javadoc for UnnecessaryStubbingException class.
	at org.mockito.junit.jupiter.MockitoExtension.afterEach(MockitoExtension.java:197)
	at java.base/java.util.ArrayList.forEach(ArrayList.java:1596)
	at java.base/java.util.ArrayList.forEach(ArrayList.java:1596)
]]></error>
    <system-out><![CDATA[19:28:04.208 [main] INFO com.acme.user.service.UserService -- Cartão a36e7400-d2c4-45fa-a56e-40111b319e25 removido do usuário: 85232f65-f1c1-4502-8670-4bd0cd87975e
]]></system-out>
  </testcase>
  <testcase name="deleteUser_ShouldThrowException_WhenUserNotFound" classname="com.acme.user.service.UserServiceTest" time="0.019">
    <error message="&#10;Unnecessary stubbings detected.&#10;Clean &amp; maintainable test code requires zero unnecessary code.&#10;Following stubbings are unnecessary (click to navigate to relevant line of code):&#10;  1. -&gt; at com.acme.user.service.UserServiceTest.setUp(UserServiceTest.java:52)&#10;Please remove unnecessary stubbings or use &apos;lenient&apos; strictness. More info: javadoc for UnnecessaryStubbingException class." type="org.mockito.exceptions.misusing.UnnecessaryStubbingException"><![CDATA[org.mockito.exceptions.misusing.UnnecessaryStubbingException: 

Unnecessary stubbings detected.
Clean & maintainable test code requires zero unnecessary code.
Following stubbings are unnecessary (click to navigate to relevant line of code):
  1. -> at com.acme.user.service.UserServiceTest.setUp(UserServiceTest.java:52)
Please remove unnecessary stubbings or use 'lenient' strictness. More info: javadoc for UnnecessaryStubbingException class.
	at org.mockito.junit.jupiter.MockitoExtension.afterEach(MockitoExtension.java:197)
	at java.base/java.util.ArrayList.forEach(ArrayList.java:1596)
	at java.base/java.util.ArrayList.forEach(ArrayList.java:1596)
]]></error>
  </testcase>
  <testcase name="changePassword_ShouldChangePassword_WhenCurrentPasswordIsCorrect" classname="com.acme.user.service.UserServiceTest" time="0.365">
    <system-out><![CDATA[19:28:04.612 [main] INFO com.acme.user.service.UserService -- Senha alterada com sucesso para usuário: e7a8d2f5-62aa-453f-9ec8-c0fe9e91bc60
]]></system-out>
  </testcase>
  <testcase name="internalFindByEmail_ShouldReturnUser_WhenUserExists" classname="com.acme.user.service.UserServiceTest" time="0.015">
    <error message="&#10;Unnecessary stubbings detected.&#10;Clean &amp; maintainable test code requires zero unnecessary code.&#10;Following stubbings are unnecessary (click to navigate to relevant line of code):&#10;  1. -&gt; at com.acme.user.service.UserServiceTest.setUp(UserServiceTest.java:52)&#10;Please remove unnecessary stubbings or use &apos;lenient&apos; strictness. More info: javadoc for UnnecessaryStubbingException class." type="org.mockito.exceptions.misusing.UnnecessaryStubbingException"><![CDATA[org.mockito.exceptions.misusing.UnnecessaryStubbingException: 

Unnecessary stubbings detected.
Clean & maintainable test code requires zero unnecessary code.
Following stubbings are unnecessary (click to navigate to relevant line of code):
  1. -> at com.acme.user.service.UserServiceTest.setUp(UserServiceTest.java:52)
Please remove unnecessary stubbings or use 'lenient' strictness. More info: javadoc for UnnecessaryStubbingException class.
	at org.mockito.junit.jupiter.MockitoExtension.afterEach(MockitoExtension.java:197)
	at java.base/java.util.ArrayList.forEach(ArrayList.java:1596)
	at java.base/java.util.ArrayList.forEach(ArrayList.java:1596)
]]></error>
  </testcase>
  <testcase name="addCardToUser_ShouldAddCard_WhenUserExists" classname="com.acme.user.service.UserServiceTest" time="0.019">
    <error message="&#10;Unnecessary stubbings detected.&#10;Clean &amp; maintainable test code requires zero unnecessary code.&#10;Following stubbings are unnecessary (click to navigate to relevant line of code):&#10;  1. -&gt; at com.acme.user.service.UserServiceTest.setUp(UserServiceTest.java:52)&#10;Please remove unnecessary stubbings or use &apos;lenient&apos; strictness. More info: javadoc for UnnecessaryStubbingException class." type="org.mockito.exceptions.misusing.UnnecessaryStubbingException"><![CDATA[org.mockito.exceptions.misusing.UnnecessaryStubbingException: 

Unnecessary stubbings detected.
Clean & maintainable test code requires zero unnecessary code.
Following stubbings are unnecessary (click to navigate to relevant line of code):
  1. -> at com.acme.user.service.UserServiceTest.setUp(UserServiceTest.java:52)
Please remove unnecessary stubbings or use 'lenient' strictness. More info: javadoc for UnnecessaryStubbingException class.
	at org.mockito.junit.jupiter.MockitoExtension.afterEach(MockitoExtension.java:197)
	at java.base/java.util.ArrayList.forEach(ArrayList.java:1596)
	at java.base/java.util.ArrayList.forEach(ArrayList.java:1596)
]]></error>
    <system-out><![CDATA[19:28:04.644 [main] INFO com.acme.user.service.UserService -- Cartão adicionado ao usuário 066fc046-bc7c-48b2-8862-a2e1e8f5ed03: 1234.5678.9012.3456
]]></system-out>
  </testcase>
  <testcase name="createUser_ShouldThrowException_WhenNonAdminTriesToSetRole" classname="com.acme.user.service.UserServiceTest" time="0.02">
    <error message="&#10;Unnecessary stubbings detected.&#10;Clean &amp; maintainable test code requires zero unnecessary code.&#10;Following stubbings are unnecessary (click to navigate to relevant line of code):&#10;  1. -&gt; at com.acme.user.service.UserServiceTest.setUp(UserServiceTest.java:52)&#10;Please remove unnecessary stubbings or use &apos;lenient&apos; strictness. More info: javadoc for UnnecessaryStubbingException class." type="org.mockito.exceptions.misusing.UnnecessaryStubbingException"><![CDATA[org.mockito.exceptions.misusing.UnnecessaryStubbingException: 

Unnecessary stubbings detected.
Clean & maintainable test code requires zero unnecessary code.
Following stubbings are unnecessary (click to navigate to relevant line of code):
  1. -> at com.acme.user.service.UserServiceTest.setUp(UserServiceTest.java:52)
Please remove unnecessary stubbings or use 'lenient' strictness. More info: javadoc for UnnecessaryStubbingException class.
	at org.mockito.junit.jupiter.MockitoExtension.afterEach(MockitoExtension.java:197)
	at java.base/java.util.ArrayList.forEach(ArrayList.java:1596)
	at java.base/java.util.ArrayList.forEach(ArrayList.java:1596)
]]></error>
  </testcase>
  <testcase name="getUserById_ShouldThrowException_WhenUserNotFound" classname="com.acme.user.service.UserServiceTest" time="0.01">
    <error message="&#10;Unnecessary stubbings detected.&#10;Clean &amp; maintainable test code requires zero unnecessary code.&#10;Following stubbings are unnecessary (click to navigate to relevant line of code):&#10;  1. -&gt; at com.acme.user.service.UserServiceTest.setUp(UserServiceTest.java:52)&#10;Please remove unnecessary stubbings or use &apos;lenient&apos; strictness. More info: javadoc for UnnecessaryStubbingException class." type="org.mockito.exceptions.misusing.UnnecessaryStubbingException"><![CDATA[org.mockito.exceptions.misusing.UnnecessaryStubbingException: 

Unnecessary stubbings detected.
Clean & maintainable test code requires zero unnecessary code.
Following stubbings are unnecessary (click to navigate to relevant line of code):
  1. -> at com.acme.user.service.UserServiceTest.setUp(UserServiceTest.java:52)
Please remove unnecessary stubbings or use 'lenient' strictness. More info: javadoc for UnnecessaryStubbingException class.
	at org.mockito.junit.jupiter.MockitoExtension.afterEach(MockitoExtension.java:197)
	at java.base/java.util.ArrayList.forEach(ArrayList.java:1596)
	at java.base/java.util.ArrayList.forEach(ArrayList.java:1596)
]]></error>
  </testcase>
  <testcase name="updateUser_ShouldThrowException_WhenNotAuthorized" classname="com.acme.user.service.UserServiceTest" time="0.006"/>
  <testcase name="getAllUsers_ShouldReturnAllUsers" classname="com.acme.user.service.UserServiceTest" time="0.012"/>
  <testcase name="internalFindByEmail_ShouldReturnNull_WhenUserNotFound" classname="com.acme.user.service.UserServiceTest" time="0.008">
    <error message="&#10;Unnecessary stubbings detected.&#10;Clean &amp; maintainable test code requires zero unnecessary code.&#10;Following stubbings are unnecessary (click to navigate to relevant line of code):&#10;  1. -&gt; at com.acme.user.service.UserServiceTest.setUp(UserServiceTest.java:52)&#10;Please remove unnecessary stubbings or use &apos;lenient&apos; strictness. More info: javadoc for UnnecessaryStubbingException class." type="org.mockito.exceptions.misusing.UnnecessaryStubbingException"><![CDATA[org.mockito.exceptions.misusing.UnnecessaryStubbingException: 

Unnecessary stubbings detected.
Clean & maintainable test code requires zero unnecessary code.
Following stubbings are unnecessary (click to navigate to relevant line of code):
  1. -> at com.acme.user.service.UserServiceTest.setUp(UserServiceTest.java:52)
Please remove unnecessary stubbings or use 'lenient' strictness. More info: javadoc for UnnecessaryStubbingException class.
	at org.mockito.junit.jupiter.MockitoExtension.afterEach(MockitoExtension.java:197)
	at java.base/java.util.ArrayList.forEach(ArrayList.java:1596)
	at java.base/java.util.ArrayList.forEach(ArrayList.java:1596)
]]></error>
  </testcase>
  <testcase name="toggleCardStatus_ShouldActivateCard_WhenUserExists" classname="com.acme.user.service.UserServiceTest" time="0.006">
    <error message="&#10;Unnecessary stubbings detected.&#10;Clean &amp; maintainable test code requires zero unnecessary code.&#10;Following stubbings are unnecessary (click to navigate to relevant line of code):&#10;  1. -&gt; at com.acme.user.service.UserServiceTest.setUp(UserServiceTest.java:52)&#10;Please remove unnecessary stubbings or use &apos;lenient&apos; strictness. More info: javadoc for UnnecessaryStubbingException class." type="org.mockito.exceptions.misusing.UnnecessaryStubbingException"><![CDATA[org.mockito.exceptions.misusing.UnnecessaryStubbingException: 

Unnecessary stubbings detected.
Clean & maintainable test code requires zero unnecessary code.
Following stubbings are unnecessary (click to navigate to relevant line of code):
  1. -> at com.acme.user.service.UserServiceTest.setUp(UserServiceTest.java:52)
Please remove unnecessary stubbings or use 'lenient' strictness. More info: javadoc for UnnecessaryStubbingException class.
	at org.mockito.junit.jupiter.MockitoExtension.afterEach(MockitoExtension.java:197)
	at java.base/java.util.ArrayList.forEach(ArrayList.java:1596)
	at java.base/java.util.ArrayList.forEach(ArrayList.java:1596)
]]></error>
    <system-out><![CDATA[19:28:04.731 [main] INFO com.acme.user.service.UserService -- Cartão f408cb61-b87b-4f09-a186-ce0e0d1d822e ativado para usuário: 736faf97-bb75-4cee-8da5-9ba3bd9b8c6a
]]></system-out>
  </testcase>
  <testcase name="changePassword_ShouldThrowException_WhenCurrentPasswordIsIncorrect" classname="com.acme.user.service.UserServiceTest" time="0.225"/>
  <testcase name="createUser_ShouldThrowException_WhenEmailAlreadyExists" classname="com.acme.user.service.UserServiceTest" time="0.007">
    <error message="&#10;Unnecessary stubbings detected.&#10;Clean &amp; maintainable test code requires zero unnecessary code.&#10;Following stubbings are unnecessary (click to navigate to relevant line of code):&#10;  1. -&gt; at com.acme.user.service.UserServiceTest.setUp(UserServiceTest.java:52)&#10;Please remove unnecessary stubbings or use &apos;lenient&apos; strictness. More info: javadoc for UnnecessaryStubbingException class." type="org.mockito.exceptions.misusing.UnnecessaryStubbingException"><![CDATA[org.mockito.exceptions.misusing.UnnecessaryStubbingException: 

Unnecessary stubbings detected.
Clean & maintainable test code requires zero unnecessary code.
Following stubbings are unnecessary (click to navigate to relevant line of code):
  1. -> at com.acme.user.service.UserServiceTest.setUp(UserServiceTest.java:52)
Please remove unnecessary stubbings or use 'lenient' strictness. More info: javadoc for UnnecessaryStubbingException class.
	at org.mockito.junit.jupiter.MockitoExtension.afterEach(MockitoExtension.java:197)
	at java.base/java.util.ArrayList.forEach(ArrayList.java:1596)
	at java.base/java.util.ArrayList.forEach(ArrayList.java:1596)
]]></error>
  </testcase>
  <testcase name="deleteUser_ShouldDeleteUser_WhenUserExists" classname="com.acme.user.service.UserServiceTest" time="0.014">
    <error message="&#10;Unnecessary stubbings detected.&#10;Clean &amp; maintainable test code requires zero unnecessary code.&#10;Following stubbings are unnecessary (click to navigate to relevant line of code):&#10;  1. -&gt; at com.acme.user.service.UserServiceTest.setUp(UserServiceTest.java:52)&#10;Please remove unnecessary stubbings or use &apos;lenient&apos; strictness. More info: javadoc for UnnecessaryStubbingException class." type="org.mockito.exceptions.misusing.UnnecessaryStubbingException"><![CDATA[org.mockito.exceptions.misusing.UnnecessaryStubbingException: 

Unnecessary stubbings detected.
Clean & maintainable test code requires zero unnecessary code.
Following stubbings are unnecessary (click to navigate to relevant line of code):
  1. -> at com.acme.user.service.UserServiceTest.setUp(UserServiceTest.java:52)
Please remove unnecessary stubbings or use 'lenient' strictness. More info: javadoc for UnnecessaryStubbingException class.
	at org.mockito.junit.jupiter.MockitoExtension.afterEach(MockitoExtension.java:197)
	at java.base/java.util.ArrayList.forEach(ArrayList.java:1596)
	at java.base/java.util.ArrayList.forEach(ArrayList.java:1596)
]]></error>
    <system-out><![CDATA[19:28:04.981 [main] INFO com.acme.user.service.UserService -- Usuário removido com sucesso: e22cf4ae-4f92-46a2-b943-c535f4fc1b43
]]></system-out>
  </testcase>
</testsuite>